# tracer started: 2025-09-12T10:06:37
# tracing program: /home/mandy/syscall-tracer/test/sort (pid=14345)
ENTRY syscall=59 name=execve
EXIT syscall=59 name=execve retval=0 time_ns=540181
ENTRY syscall=59 name=execve
EXIT syscall=59 name=execve retval=-38 time_ns=70200
ENTRY syscall=12 name=brk
EXIT syscall=12 name=brk retval=-38 time_ns=215084
ENTRY syscall=158 name=arch_prctl
EXIT syscall=158 name=arch_prctl retval=-38 time_ns=104257
ENTRY syscall=9 name=mmap
EXIT syscall=9 name=mmap retval=-38 time_ns=162545
ENTRY syscall=21 name=access
EXIT syscall=21 name=access retval=-38 time_ns=125152
ENTRY syscall=257 name=openat
EXIT syscall=257 name=openat retval=-38 time_ns=17129
ENTRY syscall=262 name=newfstatat
EXIT syscall=262 name=newfstatat retval=-38 time_ns=15021
ENTRY syscall=9 name=mmap
EXIT syscall=9 name=mmap retval=-38 time_ns=15006
ENTRY syscall=3 name=close
EXIT syscall=3 name=close retval=-38 time_ns=26288
ENTRY syscall=257 name=openat
EXIT syscall=257 name=openat retval=-38 time_ns=14911
ENTRY syscall=0 name=read
EXIT syscall=0 name=read retval=-38 time_ns=14590
ENTRY syscall=17 name=pread64
EXIT syscall=17 name=pread64 retval=-38 time_ns=14392
ENTRY syscall=17 name=pread64
EXIT syscall=17 name=pread64 retval=-38 time_ns=15262
ENTRY syscall=17 name=pread64
EXIT syscall=17 name=pread64 retval=-38 time_ns=14265
ENTRY syscall=262 name=newfstatat
EXIT syscall=262 name=newfstatat retval=-38 time_ns=16311
ENTRY syscall=17 name=pread64
EXIT syscall=17 name=pread64 retval=-38 time_ns=19154
ENTRY syscall=9 name=mmap
EXIT syscall=9 name=mmap retval=-38 time_ns=12637
ENTRY syscall=10 name=mprotect
EXIT syscall=10 name=mprotect retval=-38 time_ns=13077
ENTRY syscall=9 name=mmap
EXIT syscall=9 name=mmap retval=-38 time_ns=13203
ENTRY syscall=9 name=mmap
EXIT syscall=9 name=mmap retval=-38 time_ns=13121
ENTRY syscall=9 name=mmap
EXIT syscall=9 name=mmap retval=-38 time_ns=20045
ENTRY syscall=9 name=mmap
EXIT syscall=9 name=mmap retval=-38 time_ns=27117
ENTRY syscall=3 name=close
EXIT syscall=3 name=close retval=-38 time_ns=29853
ENTRY syscall=9 name=mmap
EXIT syscall=9 name=mmap retval=-38 time_ns=19373
ENTRY syscall=158 name=arch_prctl
EXIT syscall=158 name=arch_prctl retval=-38 time_ns=13121
ENTRY syscall=218 name=set_tid_address
EXIT syscall=218 name=set_tid_address retval=-38 time_ns=13351
ENTRY syscall=273 name=set_robust_list
EXIT syscall=273 name=set_robust_list retval=-38 time_ns=12695
ENTRY syscall=334 name=rseq
EXIT syscall=334 name=rseq retval=-38 time_ns=77434
ENTRY syscall=10 name=mprotect
EXIT syscall=10 name=mprotect retval=-38 time_ns=27252
ENTRY syscall=10 name=mprotect
EXIT syscall=10 name=mprotect retval=-38 time_ns=19592
ENTRY syscall=10 name=mprotect
EXIT syscall=10 name=mprotect retval=-38 time_ns=29365
ENTRY syscall=302 name=prlimit64
EXIT syscall=302 name=prlimit64 retval=-38 time_ns=25923
ENTRY syscall=11 name=munmap
EXIT syscall=11 name=munmap retval=-38 time_ns=57319
ENTRY syscall=262 name=newfstatat
EXIT syscall=262 name=newfstatat retval=-38 time_ns=13629
ENTRY syscall=318 name=getrandom
EXIT syscall=318 name=getrandom retval=-38 time_ns=15146
ENTRY syscall=12 name=brk
EXIT syscall=12 name=brk retval=-38 time_ns=13282
ENTRY syscall=12 name=brk
EXIT syscall=12 name=brk retval=-38 time_ns=32468
ENTRY syscall=1 name=write
EXIT syscall=1 name=write retval=-38 time_ns=15739
ENTRY syscall=1 name=write
EXIT syscall=1 name=write retval=-38 time_ns=21139
# child exited with status 0
# tracer finished: 2025-09-12T10:06:37
