# tracer started: 2025-09-12T08:52:25
# tracing pid: 9451
ENTRY syscall=59 (execve)
EXIT syscall=59 name=execve retval=0 time_ns=494278
ENTRY syscall=59 (execve)
EXIT syscall=59 name=execve retval=-38 time_ns=151119
ENTRY syscall=12 (brk)
EXIT syscall=12 name=brk retval=-38 time_ns=143486
ENTRY syscall=158 (arch_prctl)
EXIT syscall=158 name=arch_prctl retval=-38 time_ns=103296
ENTRY syscall=9 (mmap)
EXIT syscall=9 name=mmap retval=-38 time_ns=22789
ENTRY syscall=21 (access)
EXIT syscall=21 name=access retval=-38 time_ns=17560
ENTRY syscall=257 (openat)
EXIT syscall=257 name=openat retval=-38 time_ns=12580
ENTRY syscall=262 (newfstatat)
EXIT syscall=262 name=newfstatat retval=-38 time_ns=11540
ENTRY syscall=9 (mmap)
EXIT syscall=9 name=mmap retval=-38 time_ns=11685
ENTRY syscall=3 (close)
EXIT syscall=3 name=close retval=-38 time_ns=19070
ENTRY syscall=257 (openat)
EXIT syscall=257 name=openat retval=-38 time_ns=11695
ENTRY syscall=0 (read)
EXIT syscall=0 name=read retval=-38 time_ns=11659
ENTRY syscall=17 (pread64)
EXIT syscall=17 name=pread64 retval=-38 time_ns=11752
ENTRY syscall=17 (pread64)
EXIT syscall=17 name=pread64 retval=-38 time_ns=11175
ENTRY syscall=17 (pread64)
EXIT syscall=17 name=pread64 retval=-38 time_ns=11056
ENTRY syscall=262 (newfstatat)
EXIT syscall=262 name=newfstatat retval=-38 time_ns=11250
ENTRY syscall=17 (pread64)
EXIT syscall=17 name=pread64 retval=-38 time_ns=11686
ENTRY syscall=9 (mmap)
EXIT syscall=9 name=mmap retval=-38 time_ns=12454
ENTRY syscall=10 (mprotect)
EXIT syscall=10 name=mprotect retval=-38 time_ns=11978
ENTRY syscall=9 (mmap)
EXIT syscall=9 name=mmap retval=-38 time_ns=12238
ENTRY syscall=9 (mmap)
EXIT syscall=9 name=mmap retval=-38 time_ns=12039
ENTRY syscall=9 (mmap)
EXIT syscall=9 name=mmap retval=-38 time_ns=18356
ENTRY syscall=9 (mmap)
EXIT syscall=9 name=mmap retval=-38 time_ns=24514
ENTRY syscall=3 (close)
EXIT syscall=3 name=close retval=-38 time_ns=24339
ENTRY syscall=9 (mmap)
EXIT syscall=9 name=mmap retval=-38 time_ns=17736
ENTRY syscall=158 (arch_prctl)
EXIT syscall=158 name=arch_prctl retval=-38 time_ns=11555
ENTRY syscall=218 (set_tid_address)
EXIT syscall=218 name=set_tid_address retval=-38 time_ns=11484
ENTRY syscall=273 (set_robust_list)
EXIT syscall=273 name=set_robust_list retval=-38 time_ns=11168
ENTRY syscall=334 (rseq)
EXIT syscall=334 name=rseq retval=-38 time_ns=74330
ENTRY syscall=10 (mprotect)
EXIT syscall=10 name=mprotect retval=-38 time_ns=22959
ENTRY syscall=10 (mprotect)
EXIT syscall=10 name=mprotect retval=-38 time_ns=18186
ENTRY syscall=10 (mprotect)
EXIT syscall=10 name=mprotect retval=-38 time_ns=27038
ENTRY syscall=302 (prlimit64)
EXIT syscall=302 name=prlimit64 retval=-38 time_ns=23721
ENTRY syscall=11 (munmap)
EXIT syscall=11 name=munmap retval=-38 time_ns=52052
ENTRY syscall=262 (newfstatat)
EXIT syscall=262 name=newfstatat retval=-38 time_ns=12428
ENTRY syscall=318 (getrandom)
EXIT syscall=318 name=getrandom retval=-38 time_ns=12965
ENTRY syscall=12 (brk)
EXIT syscall=12 name=brk retval=-38 time_ns=11514
ENTRY syscall=12 (brk)
EXIT syscall=12 name=brk retval=-38 time_ns=28529
ENTRY syscall=1 (write)
EXIT syscall=1 name=write retval=-38 time_ns=15134
ENTRY syscall=1 (write)
EXIT syscall=1 name=write retval=-38 time_ns=18209
# child exited. status=0
# tracer finished: 2025-09-12T08:52:25
