# tracer started: 2025-09-12T10:12:24
# tracing program: /home/mandy/syscall-tracer/test/sort (pid=14531)
ENTRY syscall=59 name=execve
EXIT syscall=59 name=execve retval=0 time_ns=362774
ENTRY syscall=59 name=execve
EXIT syscall=59 name=execve retval=-38 time_ns=86974
ENTRY syscall=12 name=brk
EXIT syscall=12 name=brk retval=-38 time_ns=67880
ENTRY syscall=158 name=arch_prctl
EXIT syscall=158 name=arch_prctl retval=-38 time_ns=41089
ENTRY syscall=9 name=mmap
EXIT syscall=9 name=mmap retval=-38 time_ns=21102
ENTRY syscall=21 name=access
EXIT syscall=21 name=access retval=-38 time_ns=17765
ENTRY syscall=257 name=openat
EXIT syscall=257 name=openat retval=-38 time_ns=12116
ENTRY syscall=262 name=newfstatat
EXIT syscall=262 name=newfstatat retval=-38 time_ns=11884
ENTRY syscall=9 name=mmap
EXIT syscall=9 name=mmap retval=-38 time_ns=11588
ENTRY syscall=3 name=close
EXIT syscall=3 name=close retval=-38 time_ns=22053
ENTRY syscall=257 name=openat
EXIT syscall=257 name=openat retval=-38 time_ns=11729
ENTRY syscall=0 name=read
EXIT syscall=0 name=read retval=-38 time_ns=11779
ENTRY syscall=17 name=pread64
EXIT syscall=17 name=pread64 retval=-38 time_ns=11947
ENTRY syscall=17 name=pread64
EXIT syscall=17 name=pread64 retval=-38 time_ns=11665
ENTRY syscall=17 name=pread64
EXIT syscall=17 name=pread64 retval=-38 time_ns=11694
ENTRY syscall=262 name=newfstatat
EXIT syscall=262 name=newfstatat retval=-38 time_ns=12195
ENTRY syscall=17 name=pread64
EXIT syscall=17 name=pread64 retval=-38 time_ns=12148
ENTRY syscall=9 name=mmap
EXIT syscall=9 name=mmap retval=-38 time_ns=11710
ENTRY syscall=10 name=mprotect
EXIT syscall=10 name=mprotect retval=-38 time_ns=11828
ENTRY syscall=9 name=mmap
EXIT syscall=9 name=mmap retval=-38 time_ns=12223
ENTRY syscall=9 name=mmap
EXIT syscall=9 name=mmap retval=-38 time_ns=11785
ENTRY syscall=9 name=mmap
EXIT syscall=9 name=mmap retval=-38 time_ns=17711
ENTRY syscall=9 name=mmap
EXIT syscall=9 name=mmap retval=-38 time_ns=23541
ENTRY syscall=3 name=close
EXIT syscall=3 name=close retval=-38 time_ns=27109
ENTRY syscall=9 name=mmap
EXIT syscall=9 name=mmap retval=-38 time_ns=17025
ENTRY syscall=158 name=arch_prctl
EXIT syscall=158 name=arch_prctl retval=-38 time_ns=11446
ENTRY syscall=218 name=set_tid_address
EXIT syscall=218 name=set_tid_address retval=-38 time_ns=11999
ENTRY syscall=273 name=set_robust_list
EXIT syscall=273 name=set_robust_list retval=-38 time_ns=29303
ENTRY syscall=334 name=rseq
EXIT syscall=334 name=rseq retval=-38 time_ns=114968
ENTRY syscall=10 name=mprotect
EXIT syscall=10 name=mprotect retval=-38 time_ns=31724
ENTRY syscall=10 name=mprotect
EXIT syscall=10 name=mprotect retval=-38 time_ns=26006
ENTRY syscall=10 name=mprotect
EXIT syscall=10 name=mprotect retval=-38 time_ns=33455
ENTRY syscall=302 name=prlimit64
EXIT syscall=302 name=prlimit64 retval=-38 time_ns=26152
ENTRY syscall=11 name=munmap
EXIT syscall=11 name=munmap retval=-38 time_ns=58487
ENTRY syscall=262 name=newfstatat
EXIT syscall=262 name=newfstatat retval=-38 time_ns=13359
ENTRY syscall=318 name=getrandom
EXIT syscall=318 name=getrandom retval=-38 time_ns=14265
ENTRY syscall=12 name=brk
EXIT syscall=12 name=brk retval=-38 time_ns=12039
ENTRY syscall=12 name=brk
EXIT syscall=12 name=brk retval=-38 time_ns=31609
ENTRY syscall=1 name=write
EXIT syscall=1 name=write retval=-38 time_ns=16302
ENTRY syscall=1 name=write
EXIT syscall=1 name=write retval=-38 time_ns=20965
# child exited with status 0
# tracer finished: 2025-09-12T10:12:24
