# tracer started: 2025-09-13T08:34:44
# tracing program: /home/mandy/syscall-tracer/test/sort (pid=3117)
ENTRY syscall=59 name=execve
EXIT syscall=59 name=execve retval=0 time_ns=950073
ENTRY syscall=59 name=execve
EXIT syscall=59 name=execve retval=-38 time_ns=193368
ENTRY syscall=12 name=brk
EXIT syscall=12 name=brk retval=-38 time_ns=151904
ENTRY syscall=158 name=arch_prctl
EXIT syscall=158 name=arch_prctl retval=-38 time_ns=117617
ENTRY syscall=9 name=mmap
EXIT syscall=9 name=mmap retval=-38 time_ns=47787
ENTRY syscall=21 name=access
EXIT syscall=21 name=access retval=-38 time_ns=18213
ENTRY syscall=257 name=openat
EXIT syscall=257 name=openat retval=-38 time_ns=14191
ENTRY syscall=262 name=newfstatat
EXIT syscall=262 name=newfstatat retval=-38 time_ns=13442
ENTRY syscall=9 name=mmap
EXIT syscall=9 name=mmap retval=-38 time_ns=13894
ENTRY syscall=3 name=close
EXIT syscall=3 name=close retval=-38 time_ns=25180
ENTRY syscall=257 name=openat
EXIT syscall=257 name=openat retval=-38 time_ns=12844
ENTRY syscall=0 name=read
EXIT syscall=0 name=read retval=-38 time_ns=13437
ENTRY syscall=17 name=pread64
EXIT syscall=17 name=pread64 retval=-38 time_ns=13061
ENTRY syscall=17 name=pread64
EXIT syscall=17 name=pread64 retval=-38 time_ns=12869
ENTRY syscall=17 name=pread64
EXIT syscall=17 name=pread64 retval=-38 time_ns=13240
ENTRY syscall=262 name=newfstatat
EXIT syscall=262 name=newfstatat retval=-38 time_ns=14019
ENTRY syscall=17 name=pread64
EXIT syscall=17 name=pread64 retval=-38 time_ns=17581
ENTRY syscall=9 name=mmap
EXIT syscall=9 name=mmap retval=-38 time_ns=13123
ENTRY syscall=10 name=mprotect
EXIT syscall=10 name=mprotect retval=-38 time_ns=13264
ENTRY syscall=9 name=mmap
EXIT syscall=9 name=mmap retval=-38 time_ns=13554
ENTRY syscall=9 name=mmap
EXIT syscall=9 name=mmap retval=-38 time_ns=13198
ENTRY syscall=9 name=mmap
EXIT syscall=9 name=mmap retval=-38 time_ns=20114
ENTRY syscall=9 name=mmap
EXIT syscall=9 name=mmap retval=-38 time_ns=28752
ENTRY syscall=3 name=close
EXIT syscall=3 name=close retval=-38 time_ns=30334
ENTRY syscall=9 name=mmap
EXIT syscall=9 name=mmap retval=-38 time_ns=21509
ENTRY syscall=158 name=arch_prctl
EXIT syscall=158 name=arch_prctl retval=-38 time_ns=23762
ENTRY syscall=218 name=set_tid_address
EXIT syscall=218 name=set_tid_address retval=-38 time_ns=20505
ENTRY syscall=273 name=set_robust_list
EXIT syscall=273 name=set_robust_list retval=-38 time_ns=20871
ENTRY syscall=334 name=rseq
EXIT syscall=334 name=rseq retval=-38 time_ns=137368
ENTRY syscall=10 name=mprotect
EXIT syscall=10 name=mprotect retval=-38 time_ns=32961
ENTRY syscall=10 name=mprotect
EXIT syscall=10 name=mprotect retval=-38 time_ns=25893
ENTRY syscall=10 name=mprotect
EXIT syscall=10 name=mprotect retval=-38 time_ns=35273
ENTRY syscall=302 name=prlimit64
EXIT syscall=302 name=prlimit64 retval=-38 time_ns=31499
ENTRY syscall=11 name=munmap
EXIT syscall=11 name=munmap retval=-38 time_ns=80182
ENTRY syscall=262 name=newfstatat
EXIT syscall=262 name=newfstatat retval=-38 time_ns=14988
ENTRY syscall=318 name=getrandom
EXIT syscall=318 name=getrandom retval=-38 time_ns=15410
ENTRY syscall=12 name=brk
EXIT syscall=12 name=brk retval=-38 time_ns=13425
ENTRY syscall=12 name=brk
EXIT syscall=12 name=brk retval=-38 time_ns=34688
ENTRY syscall=1 name=write
EXIT syscall=1 name=write retval=-38 time_ns=65914
ENTRY syscall=1 name=write
EXIT syscall=1 name=write retval=-38 time_ns=32789
# child exited with status 0
# tracer finished: 2025-09-13T08:34:44
