# tracer started: 2025-10-09T14:40:40
# tracing program: ./test/lock (pid=11154)
ENTRY syscall=59 name=execve
EXIT syscall=59 name=execve retval=0 time_ns=491322
ENTRY syscall=59 name=execve
EXIT syscall=59 name=execve retval=-38 time_ns=221481
ENTRY syscall=12 name=brk
EXIT syscall=12 name=brk retval=-38 time_ns=225287
ENTRY syscall=158 name=arch_prctl
EXIT syscall=158 name=arch_prctl retval=-38 time_ns=139652
ENTRY syscall=9 name=mmap
EXIT syscall=9 name=mmap retval=-38 time_ns=34252
ENTRY syscall=21 name=access
EXIT syscall=21 name=access retval=-38 time_ns=30808
ENTRY syscall=257 name=openat
EXIT syscall=257 name=openat retval=-38 time_ns=14836
ENTRY syscall=262 name=newfstatat
EXIT syscall=262 name=newfstatat retval=-38 time_ns=13333
ENTRY syscall=9 name=mmap
EXIT syscall=9 name=mmap retval=-38 time_ns=13013
ENTRY syscall=3 name=close
EXIT syscall=3 name=close retval=-38 time_ns=23936
ENTRY syscall=257 name=openat
EXIT syscall=257 name=openat retval=-38 time_ns=14640
ENTRY syscall=0 name=read
EXIT syscall=0 name=read retval=-38 time_ns=14043
ENTRY syscall=262 name=newfstatat
EXIT syscall=262 name=newfstatat retval=-38 time_ns=14641
ENTRY syscall=9 name=mmap
EXIT syscall=9 name=mmap retval=-38 time_ns=15114
ENTRY syscall=10 name=mprotect
EXIT syscall=10 name=mprotect retval=-38 time_ns=12240
ENTRY syscall=9 name=mmap
EXIT syscall=9 name=mmap retval=-38 time_ns=12013
ENTRY syscall=9 name=mmap
EXIT syscall=9 name=mmap retval=-38 time_ns=11496
ENTRY syscall=9 name=mmap
EXIT syscall=9 name=mmap retval=-38 time_ns=17381
ENTRY syscall=9 name=mmap
EXIT syscall=9 name=mmap retval=-38 time_ns=26889
ENTRY syscall=3 name=close
EXIT syscall=3 name=close retval=-38 time_ns=22127
ENTRY syscall=257 name=openat
EXIT syscall=257 name=openat retval=-38 time_ns=15779
ENTRY syscall=0 name=read
EXIT syscall=0 name=read retval=-38 time_ns=27429
ENTRY syscall=262 name=newfstatat
EXIT syscall=262 name=newfstatat retval=-38 time_ns=13640
ENTRY syscall=9 name=mmap
EXIT syscall=9 name=mmap retval=-38 time_ns=13309
ENTRY syscall=9 name=mmap
EXIT syscall=9 name=mmap retval=-38 time_ns=12604
ENTRY syscall=9 name=mmap
EXIT syscall=9 name=mmap retval=-38 time_ns=11527
ENTRY syscall=9 name=mmap
EXIT syscall=9 name=mmap retval=-38 time_ns=23374
ENTRY syscall=3 name=close
EXIT syscall=3 name=close retval=-38 time_ns=15434
ENTRY syscall=257 name=openat
EXIT syscall=257 name=openat retval=-38 time_ns=11981
ENTRY syscall=0 name=read
EXIT syscall=0 name=read retval=-38 time_ns=11609
ENTRY syscall=17 name=pread64
EXIT syscall=17 name=pread64 retval=-38 time_ns=11921
ENTRY syscall=17 name=pread64
EXIT syscall=17 name=pread64 retval=-38 time_ns=11463
ENTRY syscall=17 name=pread64
EXIT syscall=17 name=pread64 retval=-38 time_ns=11235
ENTRY syscall=262 name=newfstatat
EXIT syscall=262 name=newfstatat retval=-38 time_ns=13979
ENTRY syscall=17 name=pread64
EXIT syscall=17 name=pread64 retval=-38 time_ns=12249
ENTRY syscall=9 name=mmap
EXIT syscall=9 name=mmap retval=-38 time_ns=11631
ENTRY syscall=10 name=mprotect
EXIT syscall=10 name=mprotect retval=-38 time_ns=11996
ENTRY syscall=9 name=mmap
EXIT syscall=9 name=mmap retval=-38 time_ns=11788
ENTRY syscall=9 name=mmap
EXIT syscall=9 name=mmap retval=-38 time_ns=11897
ENTRY syscall=9 name=mmap
EXIT syscall=9 name=mmap retval=-38 time_ns=16501
ENTRY syscall=9 name=mmap
EXIT syscall=9 name=mmap retval=-38 time_ns=23445
ENTRY syscall=3 name=close
EXIT syscall=3 name=close retval=-38 time_ns=18230
ENTRY syscall=257 name=openat
EXIT syscall=257 name=openat retval=-38 time_ns=11423
ENTRY syscall=0 name=read
EXIT syscall=0 name=read retval=-38 time_ns=11981
ENTRY syscall=262 name=newfstatat
EXIT syscall=262 name=newfstatat retval=-38 time_ns=11955
ENTRY syscall=9 name=mmap
EXIT syscall=9 name=mmap retval=-38 time_ns=11929
ENTRY syscall=9 name=mmap
EXIT syscall=9 name=mmap retval=-38 time_ns=11478
ENTRY syscall=9 name=mmap
EXIT syscall=9 name=mmap retval=-38 time_ns=12132
ENTRY syscall=9 name=mmap
EXIT syscall=9 name=mmap retval=-38 time_ns=24427
ENTRY syscall=3 name=close
EXIT syscall=3 name=close retval=-38 time_ns=34345
ENTRY syscall=9 name=mmap
EXIT syscall=9 name=mmap retval=-38 time_ns=22680
ENTRY syscall=158 name=arch_prctl
EXIT syscall=158 name=arch_prctl retval=-38 time_ns=11807
ENTRY syscall=218 name=set_tid_address
EXIT syscall=218 name=set_tid_address retval=-38 time_ns=11741
ENTRY syscall=273 name=set_robust_list
EXIT syscall=273 name=set_robust_list retval=-38 time_ns=11538
ENTRY syscall=334 name=rseq
EXIT syscall=334 name=rseq retval=-38 time_ns=83170
ENTRY syscall=10 name=mprotect
EXIT syscall=10 name=mprotect retval=-38 time_ns=34580
ENTRY syscall=10 name=mprotect
EXIT syscall=10 name=mprotect retval=-38 time_ns=15380
ENTRY syscall=10 name=mprotect
EXIT syscall=10 name=mprotect retval=-38 time_ns=145249
ENTRY syscall=9 name=mmap
EXIT syscall=9 name=mmap retval=-38 time_ns=467085
ENTRY syscall=10 name=mprotect
EXIT syscall=10 name=mprotect retval=-38 time_ns=34827
ENTRY syscall=10 name=mprotect
EXIT syscall=10 name=mprotect retval=-38 time_ns=19834
ENTRY syscall=10 name=mprotect
EXIT syscall=10 name=mprotect retval=-38 time_ns=26125
ENTRY syscall=302 name=prlimit64
EXIT syscall=302 name=prlimit64 retval=-38 time_ns=22963
ENTRY syscall=11 name=munmap
EXIT syscall=11 name=munmap retval=-38 time_ns=55354
ENTRY syscall=318 name=getrandom
EXIT syscall=318 name=getrandom retval=-38 time_ns=13081
ENTRY syscall=12 name=brk
EXIT syscall=12 name=brk retval=-38 time_ns=11042
ENTRY syscall=12 name=brk
EXIT syscall=12 name=brk retval=-38 time_ns=57100
ENTRY syscall=202 name=futex
EXIT syscall=202 name=futex retval=-38 time_ns=100593
ENTRY syscall=262 name=newfstatat
EXIT syscall=262 name=newfstatat retval=-38 time_ns=19317
ENTRY syscall=1 name=write
EXIT syscall=1 name=write retval=-38 time_ns=43566
ENTRY syscall=1 name=write
EXIT syscall=1 name=write retval=-38 time_ns=22072
ENTRY syscall=1 name=write
EXIT syscall=1 name=write retval=-38 time_ns=21896
ENTRY syscall=1 name=write
EXIT syscall=1 name=write retval=-38 time_ns=28924
ENTRY syscall=13 name=rt_sigaction
EXIT syscall=13 name=rt_sigaction retval=-38 time_ns=13055
ENTRY syscall=14 name=rt_sigprocmask
EXIT syscall=14 name=rt_sigprocmask retval=-38 time_ns=12849
ENTRY syscall=9 name=mmap
EXIT syscall=9 name=mmap retval=-38 time_ns=11998
ENTRY syscall=10 name=mprotect
EXIT syscall=10 name=mprotect retval=-38 time_ns=18640
ENTRY syscall=14 name=rt_sigprocmask
EXIT syscall=14 name=rt_sigprocmask retval=-38 time_ns=12214
ENTRY syscall=435 name=clone3
EXIT syscall=435 name=clone3 retval=-38 time_ns=13239
ENTRY syscall=14 name=rt_sigprocmask
EXIT syscall=14 name=rt_sigprocmask retval=-38 time_ns=14125
ENTRY syscall=9 name=mmap
EXIT syscall=9 name=mmap retval=-38 time_ns=12515
ENTRY syscall=10 name=mprotect
EXIT syscall=10 name=mprotect retval=-38 time_ns=16679
ENTRY syscall=14 name=rt_sigprocmask
EXIT syscall=14 name=rt_sigprocmask retval=-38 time_ns=12138
ENTRY syscall=435 name=clone3
EXIT syscall=435 name=clone3 retval=-38 time_ns=15259
ENTRY syscall=14 name=rt_sigprocmask
EXIT syscall=14 name=rt_sigprocmask retval=-38 time_ns=15337
ENTRY syscall=9 name=mmap
EXIT syscall=9 name=mmap retval=-38 time_ns=14243
ENTRY syscall=10 name=mprotect
EXIT syscall=10 name=mprotect retval=-38 time_ns=18708
ENTRY syscall=14 name=rt_sigprocmask
EXIT syscall=14 name=rt_sigprocmask retval=-38 time_ns=13691
ENTRY syscall=435 name=clone3
EXIT syscall=435 name=clone3 retval=-38 time_ns=14740
ENTRY syscall=14 name=rt_sigprocmask
EXIT syscall=14 name=rt_sigprocmask retval=-38 time_ns=14600
ENTRY syscall=9 name=mmap
EXIT syscall=9 name=mmap retval=-38 time_ns=14444
ENTRY syscall=10 name=mprotect
EXIT syscall=10 name=mprotect retval=-38 time_ns=18626
ENTRY syscall=14 name=rt_sigprocmask
EXIT syscall=14 name=rt_sigprocmask retval=-38 time_ns=15161
ENTRY syscall=435 name=clone3
EXIT syscall=435 name=clone3 retval=-38 time_ns=14887
ENTRY syscall=14 name=rt_sigprocmask
EXIT syscall=14 name=rt_sigprocmask retval=-38 time_ns=15115
ENTRY syscall=9 name=mmap
EXIT syscall=9 name=mmap retval=-38 time_ns=13578
ENTRY syscall=10 name=mprotect
EXIT syscall=10 name=mprotect retval=-38 time_ns=19175
ENTRY syscall=14 name=rt_sigprocmask
EXIT syscall=14 name=rt_sigprocmask retval=-38 time_ns=165206
ENTRY syscall=435 name=clone3
EXIT syscall=435 name=clone3 retval=-38 time_ns=15462
ENTRY syscall=14 name=rt_sigprocmask
EXIT syscall=14 name=rt_sigprocmask retval=-38 time_ns=19008
ENTRY syscall=9 name=mmap
EXIT syscall=9 name=mmap retval=-38 time_ns=13285
ENTRY syscall=10 name=mprotect
EXIT syscall=10 name=mprotect retval=-38 time_ns=26417
ENTRY syscall=14 name=rt_sigprocmask
EXIT syscall=14 name=rt_sigprocmask retval=-38 time_ns=14224
ENTRY syscall=435 name=clone3
EXIT syscall=435 name=clone3 retval=-38 time_ns=13329
ENTRY syscall=14 name=rt_sigprocmask
EXIT syscall=14 name=rt_sigprocmask retval=-38 time_ns=14223
ENTRY syscall=9 name=mmap
EXIT syscall=9 name=mmap retval=-38 time_ns=13022
ENTRY syscall=10 name=mprotect
EXIT syscall=10 name=mprotect retval=-38 time_ns=19514
ENTRY syscall=14 name=rt_sigprocmask
EXIT syscall=14 name=rt_sigprocmask retval=-38 time_ns=12825
ENTRY syscall=435 name=clone3
EXIT syscall=435 name=clone3 retval=-38 time_ns=12960
ENTRY syscall=14 name=rt_sigprocmask
EXIT syscall=14 name=rt_sigprocmask retval=-38 time_ns=14247
ENTRY syscall=9 name=mmap
EXIT syscall=9 name=mmap retval=-38 time_ns=13374
ENTRY syscall=10 name=mprotect
EXIT syscall=10 name=mprotect retval=-38 time_ns=18460
ENTRY syscall=14 name=rt_sigprocmask
EXIT syscall=14 name=rt_sigprocmask retval=-38 time_ns=12896
ENTRY syscall=435 name=clone3
EXIT syscall=435 name=clone3 retval=-38 time_ns=23656
ENTRY syscall=14 name=rt_sigprocmask
EXIT syscall=14 name=rt_sigprocmask retval=-38 time_ns=76359
ENTRY syscall=202 name=futex
EXIT syscall=202 name=futex retval=-38 time_ns=71150
ENTRY syscall=202 name=futex
EXIT syscall=202 name=futex retval=-38 time_ns=109591
ENTRY syscall=202 name=futex
EXIT syscall=202 name=futex retval=-38 time_ns=140890
ENTRY syscall=202 name=futex
EXIT syscall=202 name=futex retval=-38 time_ns=90917
ENTRY syscall=11 name=munmap
EXIT syscall=11 name=munmap retval=-38 time_ns=15289
ENTRY syscall=11 name=munmap
EXIT syscall=11 name=munmap retval=-38 time_ns=9545
ENTRY syscall=11 name=munmap
EXIT syscall=11 name=munmap retval=-38 time_ns=9569
ENTRY syscall=11 name=munmap
EXIT syscall=11 name=munmap retval=-38 time_ns=10531
ENTRY syscall=1 name=write
EXIT syscall=1 name=write retval=-38 time_ns=8313
ENTRY syscall=1 name=write
EXIT syscall=1 name=write retval=-38 time_ns=7390
ENTRY syscall=1 name=write
EXIT syscall=1 name=write retval=-38 time_ns=44394
ENTRY syscall=1 name=write
EXIT syscall=1 name=write retval=-38 time_ns=150980
# child exited with status 0
# tracer finished: 2025-10-09T14:40:41
